<?xml version="1.0" encoding="UTF-8" ?>
<testsuite tests="135" failures="0" name="easytox.apptest.stepdefinitions.RunTest" time="0.665" errors="0" skipped="24">
  <properties>
[...]
</properties>
  <testcase classname="Scenario: Verify the Search Results" name="Given the easytox url" time="0.019"/>
  <testcase classname="Scenario: Verify the Search Results" name="And I enter username as &quot;username&quot;" time="0"/>
  <testcase classname="Scenario: Verify the Search Results" name="And I enter password as &quot;password&quot;" time="0"/>
  <testcase classname="Scenario: Verify the Search Results" name="And click on &quot;Login&quot; button" time="0.001"/>
  <testcase classname="Scenario: Verify the Search Results" name="When Click on Settings Icon" time="0"/>
  <testcase classname="Scenario: Verify the Search Results" name="Then Click on user icon" time="0"/>
  <testcase classname="Scenario: Verify the Search Results" name="When Enter user search criteria and click on search icon" time="0"/>
  <testcase classname="Scenario: Verify the Search Results" name="Then Matching records with entered data should be displayed in the Lab user" time="0"/>
  <testcase classname="Scenario: Verify the Search Results" name="Then close the browser" time="0"/>
  <testcase classname="Scenario: Verify the Search Results" name="Scenario: Verify the Search Results" time="0.001"/>
  <testcase classname="Scenario: Verify Lab User List of particular user under Action Column" name="Given the easytox url" time="0.001"/>
  <testcase classname="Scenario: Verify Lab User List of particular user under Action Column" name="And I enter username as &quot;username&quot;" time="0"/>
  <testcase classname="Scenario: Verify Lab User List of particular user under Action Column" name="And I enter password as &quot;password&quot;" time="0.001"/>
  <testcase classname="Scenario: Verify Lab User List of particular user under Action Column" name="And click on &quot;Login&quot; button" time="0"/>
  <testcase classname="Scenario: Verify Lab User List of particular user under Action Column" name="When Click on Settings Icon" time="0"/>
  <testcase classname="Scenario: Verify Lab User List of particular user under Action Column" name="Then Click on user icon" time="0"/>
  <testcase classname="Scenario: Verify Lab User List of particular user under Action Column" name="When Enter user search criteria and click on search icon" time="0"/>
  <testcase classname="Scenario: Verify Lab User List of particular user under Action Column" name="Then Matching records with entered data should be displayed in the Lab user" time="0"/>
  <testcase classname="Scenario: Verify Lab User List of particular user under Action Column" name="When Click on the Edit user icon" time="0"/>
  <testcase classname="Scenario: Verify Lab User List of particular user under Action Column" name="And edit the User Personal Information" time="0"/>
  <testcase classname="Scenario: Verify Lab User List of particular user under Action Column" name="Then Click on the Update Button" time="0"/>
  <testcase classname="Scenario: Verify Lab User List of particular user under Action Column" name="When Enter user search criteria and click on search icon" time="0"/>
  <testcase classname="Scenario: Verify Lab User List of particular user under Action Column" name="And Click on UserPlusIcon" time="0"/>
  <testcase classname="Scenario: Verify Lab User List of particular user under Action Column" name="And Verify the Modified user personal information" time="0"/>
  <testcase classname="Scenario: Verify Lab User List of particular user under Action Column" name="Then close the browser" time="0.001"/>
  <testcase classname="Scenario: Verify Lab User List of particular user under Action Column" name="Scenario: Verify Lab User List of particular user under Action Column" time="0.001"/>
  <testcase classname="Scenario: Lock a Lab User" name="Given the easytox url" time="0"/>
  <testcase classname="Scenario: Lock a Lab User" name="And I enter username as &quot;username&quot;" time="0.001"/>
  <testcase classname="Scenario: Lock a Lab User" name="And I enter password as &quot;password&quot;" time="0"/>
  <testcase classname="Scenario: Lock a Lab User" name="And click on &quot;Login&quot; button" time="0"/>
  <testcase classname="Scenario: Lock a Lab User" name="When Click on Settings Icon" time="0"/>
  <testcase classname="Scenario: Lock a Lab User" name="Then Click on user icon" time="0"/>
  <testcase classname="Scenario: Lock a Lab User" name="When Enter user search criteria and click on search button" time="0"/>
  <testcase classname="Scenario: Lock a Lab User" name="Then Matching user with entered data should be displayed in the Lab user" time="0"/>
  <testcase classname="Scenario: Lock a Lab User" name="And Select a user which is unlocked and click &quot;lock&quot; icon under Action column" time="0"/>
  <testcase classname="Scenario: Lock a Lab User" name="Then User should be locked and &quot;User locked successfully&quot; message should be populated" time="0"/>
  <testcase classname="Scenario: Lock a Lab User" name="Then close the browser" time="0"/>
  <testcase classname="Scenario: Lock a Lab User" name="Given the easytox url" time="0"/>
  <testcase classname="Scenario: Lock a Lab User" name="And Enter username1 as &quot;username1&quot;" time="0"/>
  <testcase classname="Scenario: Lock a Lab User" name="And Enter password1 as &quot;password1&quot;" time="0"/>
  <testcase classname="Scenario: Lock a Lab User" name="And click on &quot;Login&quot; button" time="0"/>
  <testcase classname="Scenario: Lock a Lab User" name="Then Validate account locked or disabled" time="0"/>
  <testcase classname="Scenario: Lock a Lab User" name="Then close the browser" time="0"/>
  <testcase classname="Scenario: Lock a Lab User" name="Scenario: Lock a Lab User" time="0"/>
  <testcase classname="Scenario: Unlock a Lab User" name="Given the easytox url" time="0.001"/>
  <testcase classname="Scenario: Unlock a Lab User" name="And I enter username as &quot;username&quot;" time="0"/>
  <testcase classname="Scenario: Unlock a Lab User" name="And I enter password as &quot;password&quot;" time="0"/>
  <testcase classname="Scenario: Unlock a Lab User" name="And click on &quot;Login&quot; button" time="0"/>
  <testcase classname="Scenario: Unlock a Lab User" name="When Click on Settings Icon" time="0"/>
  <testcase classname="Scenario: Unlock a Lab User" name="Then Click on user icon" time="0"/>
  <testcase classname="Scenario: Unlock a Lab User" name="When Enter user search criteria and click on search button" time="0"/>
  <testcase classname="Scenario: Unlock a Lab User" name="Then Matching user with entered data should be displayed in the Lab user" time="0"/>
  <testcase classname="Scenario: Unlock a Lab User" name="And Select a user which is locked and click &quot;Unlock&quot; icon under Action column" time="0"/>
  <testcase classname="Scenario: Unlock a Lab User" name="Then User account should be unlocked and &quot;User unlocked successfully&quot; message should be populated" time="0"/>
  <testcase classname="Scenario: Unlock a Lab User" name="Then close the browser" time="0"/>
  <testcase classname="Scenario: Unlock a Lab User" name="Given the easytox url" time="0"/>
  <testcase classname="Scenario: Unlock a Lab User" name="And Enter username1 as &quot;username1&quot;" time="0"/>
  <testcase classname="Scenario: Unlock a Lab User" name="And Enter password1 as &quot;password1&quot;" time="0"/>
  <testcase classname="Scenario: Unlock a Lab User" name="And click on &quot;Login&quot; button" time="0"/>
  <testcase classname="Scenario: Unlock a Lab User" name="Then close the browser" time="0"/>
  <testcase classname="Scenario: Unlock a Lab User" name="Scenario: Unlock a Lab User" time="0.001"/>
  <testcase classname="Scenario: Disable a Lab User" name="Given the easytox url" time="0"/>
  <testcase classname="Scenario: Disable a Lab User" name="And I enter username as &quot;username&quot;" time="0"/>
  <testcase classname="Scenario: Disable a Lab User" name="And I enter password as &quot;password&quot;" time="0"/>
  <testcase classname="Scenario: Disable a Lab User" name="And click on &quot;Login&quot; button" time="0"/>
  <testcase classname="Scenario: Disable a Lab User" name="When Click on Settings Icon" time="0"/>
  <testcase classname="Scenario: Disable a Lab User" name="Then Click on user icon" time="0"/>
  <testcase classname="Scenario: Disable a Lab User" name="When Enter user search criteria and click on search button" time="0.001"/>
  <testcase classname="Scenario: Disable a Lab User" name="Then Matching user with entered data should be displayed in the Lab user" time="0"/>
  <testcase classname="Scenario: Disable a Lab User" name="And Select a user which is enabled and click &quot;disable&quot; icon under Enable/Disable column" time="0"/>
  <testcase classname="Scenario: Disable a Lab User" name="Then User should be disabled and &quot;User disabled successfully&quot; message should be populated" time="0"/>
  <testcase classname="Scenario: Disable a Lab User" name="Then close the browser" time="0"/>
  <testcase classname="Scenario: Disable a Lab User" name="Given the easytox url" time="0"/>
  <testcase classname="Scenario: Disable a Lab User" name="And Enter username1 as &quot;username1&quot;" time="0"/>
  <testcase classname="Scenario: Disable a Lab User" name="And Enter password1 as &quot;password1&quot;" time="0"/>
  <testcase classname="Scenario: Disable a Lab User" name="And click on &quot;Login&quot; button" time="0"/>
  <testcase classname="Scenario: Disable a Lab User" name="Then Validate account locked or disabled" time="0"/>
  <testcase classname="Scenario: Disable a Lab User" name="Then close the browser" time="0"/>
  <testcase classname="Scenario: Disable a Lab User" name="Scenario: Disable a Lab User" time="0.001"/>
  <testcase classname="Scenario: Enable a Lab User" name="Given the easytox url" time="0"/>
  <testcase classname="Scenario: Enable a Lab User" name="And I enter username as &quot;username&quot;" time="0"/>
  <testcase classname="Scenario: Enable a Lab User" name="And I enter password as &quot;password&quot;" time="0.001"/>
  <testcase classname="Scenario: Enable a Lab User" name="And click on &quot;Login&quot; button" time="0"/>
  <testcase classname="Scenario: Enable a Lab User" name="When Click on Settings Icon" time="0"/>
  <testcase classname="Scenario: Enable a Lab User" name="Then Click on user icon" time="0"/>
  <testcase classname="Scenario: Enable a Lab User" name="When Enter user search criteria and click on search button" time="0"/>
  <testcase classname="Scenario: Enable a Lab User" name="Then Matching user with entered data should be displayed in the Lab user" time="0"/>
  <testcase classname="Scenario: Enable a Lab User" name="And Select a user which is disabled and click &quot;Enable&quot; icon under Enable/Disable column" time="0"/>
  <testcase classname="Scenario: Enable a Lab User" name="Then User account should be enabled and &quot;User enabled successfully&quot; message should be populated" time="0"/>
  <testcase classname="Scenario: Enable a Lab User" name="Then close the browser" time="0"/>
  <testcase classname="Scenario: Enable a Lab User" name="Given the easytox url" time="0"/>
  <testcase classname="Scenario: Enable a Lab User" name="And Enter username1 as &quot;username1&quot;" time="0.001"/>
  <testcase classname="Scenario: Enable a Lab User" name="And Enter password1 as &quot;password1&quot;" time="0"/>
  <testcase classname="Scenario: Enable a Lab User" name="And click on &quot;Login&quot; button" time="0"/>
  <testcase classname="Scenario: Enable a Lab User" name="Then close the browser" time="0"/>
  <testcase classname="Scenario: Enable a Lab User" name="Scenario: Enable a Lab User" time="0.001"/>
  <testcase classname="Scenario: Verify Number of records displayed per page" name="Given the easytox url" time="0"/>
  <testcase classname="Scenario: Verify Number of records displayed per page" name="And I enter username as &quot;username&quot;" time="0"/>
  <testcase classname="Scenario: Verify Number of records displayed per page" name="And I enter password as &quot;password&quot;" time="0"/>
  <testcase classname="Scenario: Verify Number of records displayed per page" name="And click on &quot;Login&quot; button" time="0"/>
  <testcase classname="Scenario: Verify Number of records displayed per page" name="When clicking on &quot;user icon&quot; under Action Column" time="0.019">
    <skipped/>
  </testcase>
  <testcase classname="Scenario: Verify Number of records displayed per page" name="Then &quot;dropdown&quot; should be displayed as expected" time="0.019">
    <skipped/>
  </testcase>
  <testcase classname="Scenario: Verify Number of records displayed per page" name="When Verify the default number of records displayed LU" time="0.042">
    <skipped/>
  </testcase>
  <testcase classname="Scenario: Verify Number of records displayed per page" name="Then Default number &quot;10&quot; should be displayed in the dropdown box LU" time="0.042">
    <skipped/>
  </testcase>
  <testcase classname="Scenario: Verify Number of records displayed per page" name="When Click on dropdown that shows no of records to be displayed on the page LU" time="0.042">
    <skipped/>
  </testcase>
  <testcase classname="Scenario: Verify Number of records displayed per page" name="Then User should be able to view and select the options from the list and the corresponding number of records should be displayed on the page LU" time="0.043">
    <skipped/>
  </testcase>
  <testcase classname="Scenario: Verify Number of records displayed per page" name="Then close the browser" time="0.043">
    <skipped/>
  </testcase>
  <testcase classname="Scenario: Verify Number of records displayed per page" name="Scenario: Verify Number of records displayed per page" time="0.043">
    <skipped/>
  </testcase>
  <testcase classname="Scenario: Verify Number of records displayed per page" name="Scenario: Verify Number of records displayed per page" time="0.043"/>
  <testcase classname="Scenario: Verify data sorting" name="Given the easytox url" time="0"/>
  <testcase classname="Scenario: Verify data sorting" name="And I enter username as &quot;username&quot;" time="0"/>
  <testcase classname="Scenario: Verify data sorting" name="And I enter password as &quot;password&quot;" time="0"/>
  <testcase classname="Scenario: Verify data sorting" name="And click on &quot;Login&quot; button" time="0"/>
  <testcase classname="Scenario: Verify data sorting" name="When clicking on &quot;user icon&quot; under Action Column" time="0.003">
    <skipped/>
  </testcase>
  <testcase classname="Scenario: Verify data sorting" name="Then &quot;dropdown&quot; should be displayed as expected" time="0.017">
    <skipped/>
  </testcase>
  <testcase classname="Scenario: Verify data sorting" name="When Click on down arrow icon on sorting column LU" time="0.017">
    <skipped/>
  </testcase>
  <testcase classname="Scenario: Verify data sorting" name="Then Records should be displayed based on the asecending order of the selected sorting column LU" time="0.018">
    <skipped/>
  </testcase>
  <testcase classname="Scenario: Verify data sorting" name="When Click on Up icon arrow on Profile Name column LU" time="0.018">
    <skipped/>
  </testcase>
  <testcase classname="Scenario: Verify data sorting" name="Then Records should be displayed based on the descending order of the selected sorting column LU" time="0.018">
    <skipped/>
  </testcase>
  <testcase classname="Scenario: Verify data sorting" name="Then close the browser" time="0.018">
    <skipped/>
  </testcase>
  <testcase classname="Scenario: Verify data sorting" name="Scenario: Verify data sorting" time="0.027">
    <skipped/>
  </testcase>
  <testcase classname="Scenario: Verify data sorting" name="Scenario: Verify data sorting" time="0.039"/>
  <testcase classname="Scenario: Verify the page navigation" name="Given the easytox url" time="0"/>
  <testcase classname="Scenario: Verify the page navigation" name="And I enter username as &quot;username&quot;" time="0.001"/>
  <testcase classname="Scenario: Verify the page navigation" name="And I enter password as &quot;password&quot;" time="0"/>
  <testcase classname="Scenario: Verify the page navigation" name="And click on &quot;Login&quot; button" time="0"/>
  <testcase classname="Scenario: Verify the page navigation" name="When clicking on &quot;user icon&quot; under Action Column" time="0.004">
    <skipped/>
  </testcase>
  <testcase classname="Scenario: Verify the page navigation" name="Then &quot;dropdown&quot; should be displayed as expected" time="0.004">
    <skipped/>
  </testcase>
  <testcase classname="Scenario: Verify the page navigation" name="When clicked on next button AP" time="0.015">
    <skipped/>
  </testcase>
  <testcase classname="Scenario: Verify the page navigation" name="Then the user should be able to navigate to the next page LU" time="0.016">
    <skipped/>
  </testcase>
  <testcase classname="Scenario: Verify the page navigation" name="When clicked on Prev button LU" time="0.016">
    <skipped/>
  </testcase>
  <testcase classname="Scenario: Verify the page navigation" name="Then the user should be able to navigate to the Previous page LU" time="0.016">
    <skipped/>
  </testcase>
  <testcase classname="Scenario: Verify the page navigation" name="Then close the browser" time="0.016">
    <skipped/>
  </testcase>
  <testcase classname="Scenario: Verify the page navigation" name="Scenario: Verify the page navigation" time="0.016">
    <skipped/>
  </testcase>
  <testcase classname="Scenario: Verify the page navigation" name="Scenario: Verify the page navigation" time="0.017"/>
</testsuite>